#0 building with "default" instance using docker driver

#1 [internal] load build definition from Dockerfile
#1 transferring dockerfile: 693B done
#1 DONE 0.0s

#2 [internal] load metadata for docker.io/library/node:20-alpine
#2 DONE 0.4s

#3 [internal] load .dockerignore
#3 transferring context: 2B done
#3 DONE 0.0s

#4 [base 1/1] FROM docker.io/library/node:20-alpine@sha256:09e2b3d9726018aecf269bd35325f46bf75046a643a66d28360ec71132750ec8
#4 resolve docker.io/library/node:20-alpine@sha256:09e2b3d9726018aecf269bd35325f46bf75046a643a66d28360ec71132750ec8 0.0s done
#4 DONE 0.0s

#5 [internal] load build context
#5 transferring context: 1.32MB 0.8s done
#5 DONE 0.9s

#6 [deps 1/3] WORKDIR /app
#6 CACHED

#7 [deps 2/3] COPY package*.json ./
#7 CACHED

#8 [deps 3/3] RUN npm ci
#8 1.863 npm error code EUSAGE
#8 1.863 npm error
#8 1.863 npm error `npm ci` can only install packages when your package.json and package-lock.json or npm-shrinkwrap.json are in sync. Please update your lock file with `npm install` before continuing.
#8 1.863 npm error
#8 1.863 npm error Missing: @swc/helpers@0.5.19 from lock file
#8 1.863 npm error
#8 1.863 npm error Clean install a project
#8 1.863 npm error
#8 1.863 npm error Usage:
#8 1.863 npm error npm ci
#8 1.863 npm error
#8 1.863 npm error Options:
#8 1.863 npm error [--install-strategy <hoisted|nested|shallow|linked>] [--legacy-bundling]
#8 1.863 npm error [--global-style] [--omit <dev|optional|peer> [--omit <dev|optional|peer> ...]]
#8 1.863 npm error [--include <prod|dev|optional|peer> [--include <prod|dev|optional|peer> ...]]
#8 1.863 npm error [--strict-peer-deps] [--foreground-scripts] [--ignore-scripts] [--no-audit]
#8 1.863 npm error [--no-bin-links] [--no-fund] [--dry-run]
#8 1.863 npm error [-w|--workspace <workspace-name> [-w|--workspace <workspace-name> ...]]
#8 1.863 npm error [-ws|--workspaces] [--include-workspace-root] [--install-links]
#8 1.863 npm error
#8 1.863 npm error aliases: clean-install, ic, install-clean, isntall-clean
#8 1.863 npm error
#8 1.863 npm error Run "npm help ci" for more info
#8 1.868 npm notice
#8 1.868 npm notice New major version of npm available! 10.8.2 -> 11.10.1
#8 1.868 npm notice Changelog: https://github.com/npm/cli/releases/tag/v11.10.1
#8 1.868 npm notice To update run: npm install -g npm@11.10.1
#8 1.868 npm notice
#8 1.869 npm error A complete log of this run can be found in: /root/.npm/_logs/2026-02-24T17_51_15_164Z-debug-0.log
#8 ERROR: process "/bin/sh -c npm ci" did not complete successfully: exit code: 1
------
 > [deps 3/3] RUN npm ci:
1.863 npm error
1.863 npm error aliases: clean-install, ic, install-clean, isntall-clean
1.863 npm error
1.863 npm error Run "npm help ci" for more info
1.868 npm notice
1.868 npm notice New major version of npm available! 10.8.2 -> 11.10.1
1.868 npm notice Changelog: https://github.com/npm/cli/releases/tag/v11.10.1
1.868 npm notice To update run: npm install -g npm@11.10.1
1.868 npm notice
1.869 npm error A complete log of this run can be found in: /root/.npm/_logs/2026-02-24T17_51_15_164Z-debug-0.log
------
Dockerfile:7
--------------------
   5 |     WORKDIR /app
   6 |     COPY package*.json ./
   7 | >>> RUN npm ci
   8 |     
   9 |     # Builder
--------------------
ERROR: failed to build: failed to solve: process "/bin/sh -c npm ci" did not complete successfully: exit code: 1
